This is pdfTeX, Version 3.14159265-2.6-1.40.20 (TeX Live 2019/Arch Linux) (preloaded format=pdflatex 2019.9.13)  20 NOV 2019 13:09
entering extended mode
 restricted \write18 enabled.
 %&-line parsing enabled.
**presentacion-tesis.tex
(./presentacion-tesis.tex
LaTeX2e <2018-12-01>
(/usr/share/texmf-dist/tex/latex/beamer/beamer.cls
Document Class: beamer 2018/12/02 v3.55 A class for typesetting presentations
(/usr/share/texmf-dist/tex/latex/beamer/beamerbasemodes.sty
(/usr/share/texmf-dist/tex/latex/etoolbox/etoolbox.sty
Package: etoolbox 2018/08/19 v2.5f e-TeX tools for LaTeX (JAW)
\etb@tempcnta=\count80
)
\beamer@tempbox=\box27
\beamer@tempcount=\count81
\c@beamerpauses=\count82

(/usr/share/texmf-dist/tex/latex/beamer/beamerbasedecode.sty
\beamer@slideinframe=\count83
\beamer@minimum=\count84
)
\beamer@commentbox=\box28
\beamer@modecount=\count85
)
(/usr/share/texmf-dist/tex/generic/oberdiek/ifpdf.sty
Package: ifpdf 2018/09/07 v3.3 Provides the ifpdf switch
)
\headdp=\dimen102
\footheight=\dimen103
\sidebarheight=\dimen104
\beamer@tempdim=\dimen105
\beamer@finalheight=\dimen106
\beamer@animht=\dimen107
\beamer@animdp=\dimen108
\beamer@animwd=\dimen109
\beamer@leftmargin=\dimen110
\beamer@rightmargin=\dimen111
\beamer@leftsidebar=\dimen112
\beamer@rightsidebar=\dimen113
\beamer@boxsize=\dimen114
\beamer@vboxoffset=\dimen115
\beamer@descdefault=\dimen116
\beamer@descriptionwidth=\dimen117
\beamer@lastskip=\skip41
\beamer@areabox=\box29
\beamer@animcurrent=\box30
\beamer@animshowbox=\box31
\beamer@sectionbox=\box32
\beamer@logobox=\box33
\beamer@linebox=\box34
\beamer@sectioncount=\count86
\beamer@subsubsectionmax=\count87
\beamer@subsectionmax=\count88
\beamer@sectionmax=\count89
\beamer@totalheads=\count90
\beamer@headcounter=\count91
\beamer@partstartpage=\count92
\beamer@sectionstartpage=\count93
\beamer@subsectionstartpage=\count94
\beamer@animationtempa=\count95
\beamer@animationtempb=\count96
\beamer@xpos=\count97
\beamer@ypos=\count98
\beamer@ypos@offset=\count99
\beamer@showpartnumber=\count100
\beamer@currentsubsection=\count101
\beamer@coveringdepth=\count102
\beamer@sectionadjust=\count103
\beamer@tocsectionnumber=\count104

(/usr/share/texmf-dist/tex/latex/beamer/beamerbaseoptions.sty
(/usr/share/texmf-dist/tex/latex/graphics/keyval.sty
Package: keyval 2014/10/28 v1.15 key=value parser (DPC)
\KV@toks@=\toks14
))
\beamer@paperwidth=\skip42
\beamer@paperheight=\skip43

(/usr/share/texmf-dist/tex/latex/geometry/geometry.sty
Package: geometry 2018/04/16 v5.8 Page Geometry

(/usr/share/texmf-dist/tex/generic/oberdiek/ifvtex.sty
Package: ifvtex 2016/05/16 v1.6 Detect VTeX and its facilities (HO)
Package ifvtex Info: VTeX not detected.
)
(/usr/share/texmf-dist/tex/generic/ifxetex/ifxetex.sty
Package: ifxetex 2010/09/12 v0.6 Provides ifxetex conditional
)
\Gm@cnth=\count105
\Gm@cntv=\count106
\c@Gm@tempcnt=\count107
\Gm@bindingoffset=\dimen118
\Gm@wd@mp=\dimen119
\Gm@odd@mp=\dimen120
\Gm@even@mp=\dimen121
\Gm@layoutwidth=\dimen122
\Gm@layoutheight=\dimen123
\Gm@layouthoffset=\dimen124
\Gm@layoutvoffset=\dimen125
\Gm@dimlist=\toks15
)
(/usr/share/texmf-dist/tex/latex/base/size11.clo
File: size11.clo 2018/09/03 v1.4i Standard LaTeX file (size option)
)
(/usr/share/texmf-dist/tex/latex/pgf/basiclayer/pgfcore.sty
(/usr/share/texmf-dist/tex/latex/graphics/graphicx.sty
Package: graphicx 2017/06/01 v1.1a Enhanced LaTeX Graphics (DPC,SPQR)

(/usr/share/texmf-dist/tex/latex/graphics/graphics.sty
Package: graphics 2017/06/25 v1.2c Standard LaTeX Graphics (DPC,SPQR)

(/usr/share/texmf-dist/tex/latex/graphics/trig.sty
Package: trig 2016/01/03 v1.10 sin cos tan (DPC)
)
(/usr/share/texmf-dist/tex/latex/graphics-cfg/graphics.cfg
File: graphics.cfg 2016/06/04 v1.11 sample graphics configuration
)
Package graphics Info: Driver file: pdftex.def on input line 99.

(/usr/share/texmf-dist/tex/latex/graphics-def/pdftex.def
File: pdftex.def 2018/01/08 v1.0l Graphics/color driver for pdftex
))
\Gin@req@height=\dimen126
\Gin@req@width=\dimen127
)
(/usr/share/texmf-dist/tex/latex/pgf/systemlayer/pgfsys.sty
(/usr/share/texmf-dist/tex/latex/pgf/utilities/pgfrcs.sty
(/usr/share/texmf-dist/tex/generic/pgf/utilities/pgfutil-common.tex
\pgfutil@everybye=\toks16
\pgfutil@tempdima=\dimen128
\pgfutil@tempdimb=\dimen129

(/usr/share/texmf-dist/tex/generic/pgf/utilities/pgfutil-common-lists.tex))
(/usr/share/texmf-dist/tex/generic/pgf/utilities/pgfutil-latex.def
\pgfutil@abb=\box35

(/usr/share/texmf-dist/tex/latex/ms/everyshi.sty
Package: everyshi 2001/05/15 v3.00 EveryShipout Package (MS)
))
(/usr/share/texmf-dist/tex/generic/pgf/utilities/pgfrcs.code.tex
(/usr/share/texmf-dist/tex/generic/pgf/pgf.revision.tex)
Package: pgfrcs 2019/02/02 v3.1.1 (3.1.1)
))
(/usr/share/texmf-dist/tex/generic/pgf/systemlayer/pgfsys.code.tex
Package: pgfsys 2019/02/02 v3.1.1 (3.1.1)

(/usr/share/texmf-dist/tex/generic/pgf/utilities/pgfkeys.code.tex
\pgfkeys@pathtoks=\toks17
\pgfkeys@temptoks=\toks18

(/usr/share/texmf-dist/tex/generic/pgf/utilities/pgfkeysfiltered.code.tex
\pgfkeys@tmptoks=\toks19
))
\pgf@x=\dimen130
\pgf@y=\dimen131
\pgf@xa=\dimen132
\pgf@ya=\dimen133
\pgf@xb=\dimen134
\pgf@yb=\dimen135
\pgf@xc=\dimen136
\pgf@yc=\dimen137
\w@pgf@writea=\write3
\r@pgf@reada=\read1
\c@pgf@counta=\count108
\c@pgf@countb=\count109
\c@pgf@countc=\count110
\c@pgf@countd=\count111
\t@pgf@toka=\toks20
\t@pgf@tokb=\toks21
\t@pgf@tokc=\toks22
\pgf@sys@id@count=\count112

(/usr/share/texmf-dist/tex/generic/pgf/systemlayer/pgf.cfg
File: pgf.cfg 2019/02/02 v3.1.1 (3.1.1)
)
Driver file for pgf: pgfsys-pdftex.def

(/usr/share/texmf-dist/tex/generic/pgf/systemlayer/pgfsys-pdftex.def
File: pgfsys-pdftex.def 2019/02/02 v3.1.1 (3.1.1)

(/usr/share/texmf-dist/tex/generic/pgf/systemlayer/pgfsys-common-pdf.def
File: pgfsys-common-pdf.def 2019/02/02 v3.1.1 (3.1.1)
)))
(/usr/share/texmf-dist/tex/generic/pgf/systemlayer/pgfsyssoftpath.code.tex
File: pgfsyssoftpath.code.tex 2019/02/02 v3.1.1 (3.1.1)
\pgfsyssoftpath@smallbuffer@items=\count113
\pgfsyssoftpath@bigbuffer@items=\count114
)
(/usr/share/texmf-dist/tex/generic/pgf/systemlayer/pgfsysprotocol.code.tex
File: pgfsysprotocol.code.tex 2019/02/02 v3.1.1 (3.1.1)
))
(/usr/share/texmf-dist/tex/latex/xcolor/xcolor.sty
Package: xcolor 2016/05/11 v2.12 LaTeX color extensions (UK)

(/usr/share/texmf-dist/tex/latex/graphics-cfg/color.cfg
File: color.cfg 2016/01/02 v1.6 sample color configuration
)
Package xcolor Info: Driver file: pdftex.def on input line 225.
Package xcolor Info: Model `cmy' substituted by `cmy0' on input line 1348.
Package xcolor Info: Model `hsb' substituted by `rgb' on input line 1352.
Package xcolor Info: Model `RGB' extended on input line 1364.
Package xcolor Info: Model `HTML' substituted by `rgb' on input line 1366.
Package xcolor Info: Model `Hsb' substituted by `hsb' on input line 1367.
Package xcolor Info: Model `tHsb' substituted by `hsb' on input line 1368.
Package xcolor Info: Model `HSB' substituted by `hsb' on input line 1369.
Package xcolor Info: Model `Gray' substituted by `gray' on input line 1370.
Package xcolor Info: Model `wave' substituted by `hsb' on input line 1371.
)
(/usr/share/texmf-dist/tex/generic/pgf/basiclayer/pgfcore.code.tex
Package: pgfcore 2019/02/02 v3.1.1 (3.1.1)

(/usr/share/texmf-dist/tex/generic/pgf/math/pgfmath.code.tex
(/usr/share/texmf-dist/tex/generic/pgf/math/pgfmathcalc.code.tex
(/usr/share/texmf-dist/tex/generic/pgf/math/pgfmathutil.code.tex)
(/usr/share/texmf-dist/tex/generic/pgf/math/pgfmathparser.code.tex
\pgfmath@dimen=\dimen138
\pgfmath@count=\count115
\pgfmath@box=\box36
\pgfmath@toks=\toks23
\pgfmath@stack@operand=\toks24
\pgfmath@stack@operation=\toks25
)
(/usr/share/texmf-dist/tex/generic/pgf/math/pgfmathfunctions.code.tex
(/usr/share/texmf-dist/tex/generic/pgf/math/pgfmathfunctions.basic.code.tex)
(/usr/share/texmf-dist/tex/generic/pgf/math/pgfmathfunctions.trigonometric.code
.tex)
(/usr/share/texmf-dist/tex/generic/pgf/math/pgfmathfunctions.random.code.tex)
(/usr/share/texmf-dist/tex/generic/pgf/math/pgfmathfunctions.comparison.code.te
x) (/usr/share/texmf-dist/tex/generic/pgf/math/pgfmathfunctions.base.code.tex)
(/usr/share/texmf-dist/tex/generic/pgf/math/pgfmathfunctions.round.code.tex)
(/usr/share/texmf-dist/tex/generic/pgf/math/pgfmathfunctions.misc.code.tex)
(/usr/share/texmf-dist/tex/generic/pgf/math/pgfmathfunctions.integerarithmetics
.code.tex))) (/usr/share/texmf-dist/tex/generic/pgf/math/pgfmathfloat.code.tex
\c@pgfmathroundto@lastzeros=\count116
)) (/usr/share/texmf-dist/tex/generic/pgf/basiclayer/pgfcorepoints.code.tex
File: pgfcorepoints.code.tex 2019/02/02 v3.1.1 (3.1.1)
\pgf@picminx=\dimen139
\pgf@picmaxx=\dimen140
\pgf@picminy=\dimen141
\pgf@picmaxy=\dimen142
\pgf@pathminx=\dimen143
\pgf@pathmaxx=\dimen144
\pgf@pathminy=\dimen145
\pgf@pathmaxy=\dimen146
\pgf@xx=\dimen147
\pgf@xy=\dimen148
\pgf@yx=\dimen149
\pgf@yy=\dimen150
\pgf@zx=\dimen151
\pgf@zy=\dimen152
)
(/usr/share/texmf-dist/tex/generic/pgf/basiclayer/pgfcorepathconstruct.code.tex
File: pgfcorepathconstruct.code.tex 2019/02/02 v3.1.1 (3.1.1)
\pgf@path@lastx=\dimen153
\pgf@path@lasty=\dimen154
) (/usr/share/texmf-dist/tex/generic/pgf/basiclayer/pgfcorepathusage.code.tex
File: pgfcorepathusage.code.tex 2019/02/02 v3.1.1 (3.1.1)
\pgf@shorten@end@additional=\dimen155
\pgf@shorten@start@additional=\dimen156
)
(/usr/share/texmf-dist/tex/generic/pgf/basiclayer/pgfcorescopes.code.tex
File: pgfcorescopes.code.tex 2019/02/02 v3.1.1 (3.1.1)
\pgfpic=\box37
\pgf@hbox=\box38
\pgf@layerbox@main=\box39
\pgf@picture@serial@count=\count117
)
(/usr/share/texmf-dist/tex/generic/pgf/basiclayer/pgfcoregraphicstate.code.tex
File: pgfcoregraphicstate.code.tex 2019/02/02 v3.1.1 (3.1.1)
\pgflinewidth=\dimen157
)
(/usr/share/texmf-dist/tex/generic/pgf/basiclayer/pgfcoretransformations.code.t
ex
File: pgfcoretransformations.code.tex 2019/02/02 v3.1.1 (3.1.1)
\pgf@pt@x=\dimen158
\pgf@pt@y=\dimen159
\pgf@pt@temp=\dimen160
) (/usr/share/texmf-dist/tex/generic/pgf/basiclayer/pgfcorequick.code.tex
File: pgfcorequick.code.tex 2019/02/02 v3.1.1 (3.1.1)
)
(/usr/share/texmf-dist/tex/generic/pgf/basiclayer/pgfcoreobjects.code.tex
File: pgfcoreobjects.code.tex 2019/02/02 v3.1.1 (3.1.1)
)
(/usr/share/texmf-dist/tex/generic/pgf/basiclayer/pgfcorepathprocessing.code.te
x
File: pgfcorepathprocessing.code.tex 2019/02/02 v3.1.1 (3.1.1)
) (/usr/share/texmf-dist/tex/generic/pgf/basiclayer/pgfcorearrows.code.tex
File: pgfcorearrows.code.tex 2019/02/02 v3.1.1 (3.1.1)
\pgfarrowsep=\dimen161
)
(/usr/share/texmf-dist/tex/generic/pgf/basiclayer/pgfcoreshade.code.tex
File: pgfcoreshade.code.tex 2019/02/02 v3.1.1 (3.1.1)
\pgf@max=\dimen162
\pgf@sys@shading@range@num=\count118
)
(/usr/share/texmf-dist/tex/generic/pgf/basiclayer/pgfcoreimage.code.tex
File: pgfcoreimage.code.tex 2019/02/02 v3.1.1 (3.1.1)

(/usr/share/texmf-dist/tex/generic/pgf/basiclayer/pgfcoreexternal.code.tex
File: pgfcoreexternal.code.tex 2019/02/02 v3.1.1 (3.1.1)
\pgfexternal@startupbox=\box40
))
(/usr/share/texmf-dist/tex/generic/pgf/basiclayer/pgfcorelayers.code.tex
File: pgfcorelayers.code.tex 2019/02/02 v3.1.1 (3.1.1)
)
(/usr/share/texmf-dist/tex/generic/pgf/basiclayer/pgfcoretransparency.code.tex
File: pgfcoretransparency.code.tex 2019/02/02 v3.1.1 (3.1.1)
) (/usr/share/texmf-dist/tex/generic/pgf/basiclayer/pgfcorepatterns.code.tex
File: pgfcorepatterns.code.tex 2019/02/02 v3.1.1 (3.1.1)
)
(/usr/share/texmf-dist/tex/generic/pgf/basiclayer/pgfcorerdf.code.tex
File: pgfcorerdf.code.tex 2019/02/02 v3.1.1 (3.1.1)
)))
(/usr/share/texmf-dist/tex/latex/pgf/utilities/xxcolor.sty
Package: xxcolor 2003/10/24 ver 0.1
\XC@nummixins=\count119
\XC@countmixins=\count120
)
(/usr/share/texmf-dist/tex/generic/oberdiek/atbegshi.sty
Package: atbegshi 2016/06/09 v1.18 At begin shipout hook (HO)

(/usr/share/texmf-dist/tex/generic/oberdiek/infwarerr.sty
Package: infwarerr 2016/05/16 v1.4 Providing info/warning/error messages (HO)
)
(/usr/share/texmf-dist/tex/generic/oberdiek/ltxcmds.sty
Package: ltxcmds 2016/05/16 v1.23 LaTeX kernel commands for general use (HO)
))
(/usr/share/texmf-dist/tex/latex/hyperref/hyperref.sty
Package: hyperref 2018/11/30 v6.88e Hypertext links for LaTeX

(/usr/share/texmf-dist/tex/generic/oberdiek/hobsub-hyperref.sty
Package: hobsub-hyperref 2016/05/16 v1.14 Bundle oberdiek, subset hyperref (HO)


(/usr/share/texmf-dist/tex/generic/oberdiek/hobsub-generic.sty
Package: hobsub-generic 2016/05/16 v1.14 Bundle oberdiek, subset generic (HO)
Package: hobsub 2016/05/16 v1.14 Construct package bundles (HO)
Package hobsub Info: Skipping package `infwarerr' (already loaded).
Package hobsub Info: Skipping package `ltxcmds' (already loaded).
Package: ifluatex 2016/05/16 v1.4 Provides the ifluatex switch (HO)
Package ifluatex Info: LuaTeX not detected.
Package hobsub Info: Skipping package `ifvtex' (already loaded).
Package: intcalc 2016/05/16 v1.2 Expandable calculations with integers (HO)
Package hobsub Info: Skipping package `ifpdf' (already loaded).
Package: etexcmds 2016/05/16 v1.6 Avoid name clashes with e-TeX commands (HO)
Package: kvsetkeys 2016/05/16 v1.17 Key value parser (HO)
Package: kvdefinekeys 2016/05/16 v1.4 Define keys (HO)
Package: pdftexcmds 2018/09/10 v0.29 Utility functions of pdfTeX for LuaTeX (HO
)
Package pdftexcmds Info: LuaTeX not detected.
Package pdftexcmds Info: \pdf@primitive is available.
Package pdftexcmds Info: \pdf@ifprimitive is available.
Package pdftexcmds Info: \pdfdraftmode found.
Package: pdfescape 2016/05/16 v1.14 Implements pdfTeX's escape features (HO)
Package: bigintcalc 2016/05/16 v1.4 Expandable calculations on big integers (HO
)
Package: bitset 2016/05/16 v1.2 Handle bit-vector datatype (HO)
Package: uniquecounter 2016/05/16 v1.3 Provide unlimited unique counter (HO)
)
Package hobsub Info: Skipping package `hobsub' (already loaded).
Package: letltxmacro 2016/05/16 v1.5 Let assignment for LaTeX macros (HO)
Package: hopatch 2016/05/16 v1.3 Wrapper for package hooks (HO)
Package: xcolor-patch 2016/05/16 xcolor patch
Package: atveryend 2016/05/16 v1.9 Hooks at the very end of document (HO)
Package hobsub Info: Skipping package `atbegshi' (already loaded).
Package: refcount 2016/05/16 v3.5 Data extraction from label references (HO)
Package: hycolor 2016/05/16 v1.8 Color options for hyperref/bookmark (HO)
)
(/usr/share/texmf-dist/tex/latex/oberdiek/auxhook.sty
Package: auxhook 2016/05/16 v1.4 Hooks for auxiliary files (HO)
)
(/usr/share/texmf-dist/tex/latex/oberdiek/kvoptions.sty
Package: kvoptions 2016/05/16 v3.12 Key value format for package options (HO)
)
\@linkdim=\dimen163
\Hy@linkcounter=\count121
\Hy@pagecounter=\count122

(/usr/share/texmf-dist/tex/latex/hyperref/pd1enc.def
File: pd1enc.def 2018/11/30 v6.88e Hyperref: PDFDocEncoding definition (HO)
Now handling font encoding PD1 ...
... no UTF-8 mapping file for font encoding PD1
)
\Hy@SavedSpaceFactor=\count123

(/usr/share/texmf-dist/tex/latex/latexconfig/hyperref.cfg
File: hyperref.cfg 2002/06/06 v1.2 hyperref configuration of TeXLive
)
Package hyperref Info: Option `bookmarks' set `true' on input line 4393.
Package hyperref Info: Option `bookmarksopen' set `true' on input line 4393.
Package hyperref Info: Option `implicit' set `false' on input line 4393.
Package hyperref Info: Hyper figures OFF on input line 4519.
Package hyperref Info: Link nesting OFF on input line 4524.
Package hyperref Info: Hyper index ON on input line 4527.
Package hyperref Info: Plain pages OFF on input line 4534.
Package hyperref Info: Backreferencing OFF on input line 4539.
Package hyperref Info: Implicit mode OFF; no redefinition of LaTeX internals.
Package hyperref Info: Bookmarks ON on input line 4772.
\c@Hy@tempcnt=\count124

(/usr/share/texmf-dist/tex/latex/url/url.sty
\Urlmuskip=\muskip10
Package: url 2013/09/16  ver 3.4  Verb mode for urls, etc.
)
LaTeX Info: Redefining \url on input line 5125.
\XeTeXLinkMargin=\dimen164
\Fld@menulength=\count125
\Field@Width=\dimen165
\Fld@charsize=\dimen166
Package hyperref Info: Hyper figures OFF on input line 6380.
Package hyperref Info: Link nesting OFF on input line 6385.
Package hyperref Info: Hyper index ON on input line 6388.
Package hyperref Info: backreferencing OFF on input line 6395.
Package hyperref Info: Link coloring OFF on input line 6400.
Package hyperref Info: Link coloring with OCG OFF on input line 6405.
Package hyperref Info: PDF/A mode OFF on input line 6410.
LaTeX Info: Redefining \ref on input line 6450.
LaTeX Info: Redefining \pageref on input line 6454.
\Hy@abspage=\count126


Package hyperref Message: Stopped early.

)
Package hyperref Info: Driver (autodetected): hpdftex.
 (/usr/share/texmf-dist/tex/latex/hyperref/hpdftex.def
File: hpdftex.def 2018/11/30 v6.88e Hyperref driver for pdfTeX
\Fld@listcount=\count127
\c@bookmark@seq@number=\count128

(/usr/share/texmf-dist/tex/latex/oberdiek/rerunfilecheck.sty
Package: rerunfilecheck 2016/05/16 v1.8 Rerun checks for auxiliary files (HO)
Package uniquecounter Info: New unique counter `rerunfilecheck' on input line 2
82.
))
(/usr/share/texmf-dist/tex/latex/beamer/beamerbaserequires.sty
(/usr/share/texmf-dist/tex/latex/beamer/beamerbasecompatibility.sty)
(/usr/share/texmf-dist/tex/latex/beamer/beamerbasefont.sty
(/usr/share/texmf-dist/tex/latex/amsfonts/amssymb.sty
Package: amssymb 2013/01/14 v3.01 AMS font symbols

(/usr/share/texmf-dist/tex/latex/amsfonts/amsfonts.sty
Package: amsfonts 2013/01/14 v3.01 Basic AMSFonts support
\@emptytoks=\toks26
\symAMSa=\mathgroup4
\symAMSb=\mathgroup5
LaTeX Font Info:    Overwriting math alphabet `\mathfrak' in version `bold'
(Font)                  U/euf/m/n --> U/euf/b/n on input line 106.
))
(/usr/share/texmf-dist/tex/latex/sansmathaccent/sansmathaccent.sty
Package: sansmathaccent 2013/03/28

(/usr/share/texmf-dist/tex/latex/filehook/filehook.sty
Package: filehook 2011/10/12 v0.5d Hooks for input files
)))
(/usr/share/texmf-dist/tex/latex/beamer/beamerbasetranslator.sty
(/usr/share/texmf-dist/tex/latex/translator/translator.sty
Package: translator 2018/01/04 v1.12 Easy translation of strings in LaTeX
))
(/usr/share/texmf-dist/tex/latex/beamer/beamerbasemisc.sty)
(/usr/share/texmf-dist/tex/latex/beamer/beamerbasetwoscreens.sty)
(/usr/share/texmf-dist/tex/latex/beamer/beamerbaseoverlay.sty
\beamer@argscount=\count129
\beamer@lastskipcover=\skip44
\beamer@trivlistdepth=\count130
)
(/usr/share/texmf-dist/tex/latex/beamer/beamerbasetitle.sty)
(/usr/share/texmf-dist/tex/latex/beamer/beamerbasesection.sty
\c@lecture=\count131
\c@part=\count132
\c@section=\count133
\c@subsection=\count134
\c@subsubsection=\count135
)
(/usr/share/texmf-dist/tex/latex/beamer/beamerbaseframe.sty
\beamer@framebox=\box41
\beamer@frametitlebox=\box42
\beamer@zoombox=\box43
\beamer@zoomcount=\count136
\beamer@zoomframecount=\count137
\beamer@frametextheight=\dimen167
\c@subsectionslide=\count138
\beamer@frametopskip=\skip45
\beamer@framebottomskip=\skip46
\beamer@frametopskipautobreak=\skip47
\beamer@framebottomskipautobreak=\skip48
\beamer@envbody=\toks27
\framewidth=\dimen168
\c@framenumber=\count139
)
(/usr/share/texmf-dist/tex/latex/beamer/beamerbaseverbatim.sty
\beamer@verbatimfileout=\write4
)
(/usr/share/texmf-dist/tex/latex/beamer/beamerbaseframesize.sty
\beamer@splitbox=\box44
\beamer@autobreakcount=\count140
\beamer@autobreaklastheight=\dimen169
\beamer@frametitletoks=\toks28
\beamer@framesubtitletoks=\toks29
)
(/usr/share/texmf-dist/tex/latex/beamer/beamerbaseframecomponents.sty
\beamer@footins=\box45
)
(/usr/share/texmf-dist/tex/latex/beamer/beamerbasecolor.sty)
(/usr/share/texmf-dist/tex/latex/beamer/beamerbasenotes.sty
\beamer@frameboxcopy=\box46
)
(/usr/share/texmf-dist/tex/latex/beamer/beamerbasetoc.sty)
(/usr/share/texmf-dist/tex/latex/beamer/beamerbasetemplates.sty
\beamer@sbttoks=\toks30

(/usr/share/texmf-dist/tex/latex/beamer/beamerbaseauxtemplates.sty
(/usr/share/texmf-dist/tex/latex/beamer/beamerbaseboxes.sty
\bmb@box=\box47
\bmb@colorbox=\box48
\bmb@boxshadow=\box49
\bmb@boxshadowball=\box50
\bmb@boxshadowballlarge=\box51
\bmb@temp=\dimen170
\bmb@dima=\dimen171
\bmb@dimb=\dimen172
\bmb@prevheight=\dimen173
)
\beamer@blockheadheight=\dimen174
))
(/usr/share/texmf-dist/tex/latex/beamer/beamerbaselocalstructure.sty
(/usr/share/texmf-dist/tex/latex/tools/enumerate.sty
Package: enumerate 2015/07/23 v3.00 enumerate extensions (DPC)
\@enLab=\toks31
)
\c@figure=\count141
\c@table=\count142
\abovecaptionskip=\skip49
\belowcaptionskip=\skip50
)
(/usr/share/texmf-dist/tex/latex/beamer/beamerbasenavigation.sty
\beamer@section@min@dim=\dimen175
)
(/usr/share/texmf-dist/tex/latex/beamer/beamerbasetheorems.sty
(/usr/share/texmf-dist/tex/latex/amsmath/amsmath.sty
Package: amsmath 2018/12/01 v2.17b AMS math features
\@mathmargin=\skip51

For additional information on amsmath, use the `?' option.
(/usr/share/texmf-dist/tex/latex/amsmath/amstext.sty
Package: amstext 2000/06/29 v2.01 AMS text

(/usr/share/texmf-dist/tex/latex/amsmath/amsgen.sty
File: amsgen.sty 1999/11/30 v2.0 generic functions
\@emptytoks=\toks32
\ex@=\dimen176
))
(/usr/share/texmf-dist/tex/latex/amsmath/amsbsy.sty
Package: amsbsy 1999/11/29 v1.2d Bold Symbols
\pmbraise@=\dimen177
)
(/usr/share/texmf-dist/tex/latex/amsmath/amsopn.sty
Package: amsopn 2016/03/08 v2.02 operator names
)
\inf@bad=\count143
LaTeX Info: Redefining \frac on input line 223.
\uproot@=\count144
\leftroot@=\count145
LaTeX Info: Redefining \overline on input line 385.
\classnum@=\count146
\DOTSCASE@=\count147
LaTeX Info: Redefining \ldots on input line 482.
LaTeX Info: Redefining \dots on input line 485.
LaTeX Info: Redefining \cdots on input line 606.
\Mathstrutbox@=\box52
\strutbox@=\box53
\big@size=\dimen178
LaTeX Font Info:    Redeclaring font encoding OML on input line 729.
LaTeX Font Info:    Redeclaring font encoding OMS on input line 730.
\macc@depth=\count148
\c@MaxMatrixCols=\count149
\dotsspace@=\muskip11
\c@parentequation=\count150
\dspbrk@lvl=\count151
\tag@help=\toks33
\row@=\count152
\column@=\count153
\maxfields@=\count154
\andhelp@=\toks34
\eqnshift@=\dimen179
\alignsep@=\dimen180
\tagshift@=\dimen181
\tagwidth@=\dimen182
\totwidth@=\dimen183
\lineht@=\dimen184
\@envbody=\toks35
\multlinegap=\skip52
\multlinetaggap=\skip53
\mathdisplay@stack=\toks36
LaTeX Info: Redefining \[ on input line 2844.
LaTeX Info: Redefining \] on input line 2845.
)
(/usr/share/texmf-dist/tex/latex/amscls/amsthm.sty
Package: amsthm 2017/10/31 v2.20.4
\thm@style=\toks37
\thm@bodyfont=\toks38
\thm@headfont=\toks39
\thm@notefont=\toks40
\thm@headpunct=\toks41
\thm@preskip=\skip54
\thm@postskip=\skip55
\thm@headsep=\skip56
\dth@everypar=\toks42
)
\c@theorem=\count155
)
(/usr/share/texmf-dist/tex/latex/beamer/beamerbasethemes.sty))
(/usr/share/texmf-dist/tex/latex/beamer/beamerthemedefault.sty
(/usr/share/texmf-dist/tex/latex/beamer/beamerfontthemedefault.sty)
(/usr/share/texmf-dist/tex/latex/beamer/beamercolorthemedefault.sty)
(/usr/share/texmf-dist/tex/latex/beamer/beamerinnerthemedefault.sty
\beamer@dima=\dimen185
\beamer@dimb=\dimen186
)
(/usr/share/texmf-dist/tex/latex/beamer/beamerouterthemedefault.sty)))
(/usr/share/texmf-dist/tex/latex/base/inputenc.sty
Package: inputenc 2018/08/11 v1.3c Input encoding file
\inpenc@prehook=\toks43
\inpenc@posthook=\toks44
)
(/usr/share/texmf-dist/tex/latex/base/fontenc.sty
Package: fontenc 2018/08/11 v2.0j Standard LaTeX package

(/usr/share/texmf-dist/tex/latex/base/t1enc.def
File: t1enc.def 2018/08/11 v2.0j Standard LaTeX file
LaTeX Font Info:    Redeclaring font encoding T1 on input line 48.
))
(/usr/share/texmf-dist/tex/latex/lm/lmodern.sty
Package: lmodern 2009/10/30 v1.6 Latin Modern Fonts
LaTeX Font Info:    Overwriting symbol font `operators' in version `normal'
(Font)                  OT1/cmr/m/n --> OT1/lmr/m/n on input line 22.
LaTeX Font Info:    Overwriting symbol font `letters' in version `normal'
(Font)                  OML/cmm/m/it --> OML/lmm/m/it on input line 23.
LaTeX Font Info:    Overwriting symbol font `symbols' in version `normal'
(Font)                  OMS/cmsy/m/n --> OMS/lmsy/m/n on input line 24.
LaTeX Font Info:    Overwriting symbol font `largesymbols' in version `normal'
(Font)                  OMX/cmex/m/n --> OMX/lmex/m/n on input line 25.
LaTeX Font Info:    Overwriting symbol font `operators' in version `bold'
(Font)                  OT1/cmr/bx/n --> OT1/lmr/bx/n on input line 26.
LaTeX Font Info:    Overwriting symbol font `letters' in version `bold'
(Font)                  OML/cmm/b/it --> OML/lmm/b/it on input line 27.
LaTeX Font Info:    Overwriting symbol font `symbols' in version `bold'
(Font)                  OMS/cmsy/b/n --> OMS/lmsy/b/n on input line 28.
LaTeX Font Info:    Overwriting symbol font `largesymbols' in version `bold'
(Font)                  OMX/cmex/m/n --> OMX/lmex/m/n on input line 29.
LaTeX Font Info:    Overwriting math alphabet `\mathbf' in version `normal'
(Font)                  OT1/cmr/bx/n --> OT1/lmr/bx/n on input line 31.
LaTeX Font Info:    Overwriting math alphabet `\mathsf' in version `normal'
(Font)                  OT1/cmss/m/n --> OT1/lmss/m/n on input line 32.
LaTeX Font Info:    Overwriting math alphabet `\mathit' in version `normal'
(Font)                  OT1/cmr/m/it --> OT1/lmr/m/it on input line 33.
LaTeX Font Info:    Overwriting math alphabet `\mathtt' in version `normal'
(Font)                  OT1/cmtt/m/n --> OT1/lmtt/m/n on input line 34.
LaTeX Font Info:    Overwriting math alphabet `\mathbf' in version `bold'
(Font)                  OT1/cmr/bx/n --> OT1/lmr/bx/n on input line 35.
LaTeX Font Info:    Overwriting math alphabet `\mathsf' in version `bold'
(Font)                  OT1/cmss/bx/n --> OT1/lmss/bx/n on input line 36.
LaTeX Font Info:    Overwriting math alphabet `\mathit' in version `bold'
(Font)                  OT1/cmr/bx/it --> OT1/lmr/bx/it on input line 37.
LaTeX Font Info:    Overwriting math alphabet `\mathtt' in version `bold'
(Font)                  OT1/cmtt/m/n --> OT1/lmtt/m/n on input line 38.
)
(/usr/share/texmf-dist/tex/latex/tools/array.sty
Package: array 2018/12/30 v2.4k Tabular extension package (FMi)
\col@sep=\dimen187
\ar@mcellbox=\box54
\extrarowheight=\dimen188
\NC@list=\toks45
\extratabsurround=\skip57
\backup@length=\skip58
\ar@cellbox=\box55
)
(/usr/share/texmf-dist/tex/latex/oberdiek/epstopdf.sty
Package: epstopdf 2016/05/15 v2.6 Conversion with epstopdf on the fly (HO)

(/usr/share/texmf-dist/tex/latex/oberdiek/epstopdf-base.sty
Package: epstopdf-base 2016/05/15 v2.6 Base part for package epstopdf

(/usr/share/texmf-dist/tex/latex/oberdiek/grfext.sty
Package: grfext 2016/05/16 v1.2 Manage graphics extensions (HO)
)
Package epstopdf-base Info: Redefining graphics rule for `.eps' on input line 4
38.
Package grfext Info: Graphics extension search list:
(grfext)             [.pdf,.png,.jpg,.mps,.jpeg,.jbig2,.jb2,.PDF,.PNG,.JPG,.JPE
G,.JBIG2,.JB2,.eps]
(grfext)             \AppendGraphicsExtensions on input line 456.

(/usr/share/texmf-dist/tex/latex/latexconfig/epstopdf-sys.cfg
File: epstopdf-sys.cfg 2010/07/13 v1.3 Configuration of (r)epstopdf for TeX Liv
e
)))
(/usr/share/texmf-dist/tex/latex/caption/caption.sty
Package: caption 2018/10/06 v3.3-154 Customizing captions (AR)

(/usr/share/texmf-dist/tex/latex/caption/caption3.sty
Package: caption3 2018/09/12 v1.8c caption3 kernel (AR)
Package caption3 Info: TeX engine: e-TeX on input line 64.
\captionmargin=\dimen189
\captionmargin@=\dimen190
\captionwidth=\dimen191
\caption@tempdima=\dimen192
\caption@indent=\dimen193
\caption@parindent=\dimen194
\caption@hangindent=\dimen195
)
\c@caption@flags=\count156
\c@ContinuedFloat=\count157
Package caption Info: beamer document class.
Package caption Info: hyperref package is loaded.
Package caption Info: Hyperref support is turned off
(caption)             because hyperref has stopped early.
)
(/usr/share/texmf-dist/tex/latex/tools/multicol.sty
Package: multicol 2018/12/27 v1.8v multicolumn formatting (FMi)
\c@tracingmulticols=\count158
\mult@box=\box56
\multicol@leftmargin=\dimen196
\c@unbalance=\count159
\c@collectmore=\count160
\doublecol@number=\count161
\multicoltolerance=\count162
\multicolpretolerance=\count163
\full@width=\dimen197
\page@free=\dimen198
\premulticols=\dimen199
\postmulticols=\dimen256
\multicolsep=\skip59
\multicolbaselineskip=\skip60
\partial@page=\box57
\last@line=\box58
\maxbalancingoverflow=\dimen257
\mult@rightbox=\box59
\mult@grightbox=\box60
\mult@gfirstbox=\box61
\mult@firstbox=\box62
\@tempa=\box63
\@tempa=\box64
\@tempa=\box65
\@tempa=\box66
\@tempa=\box67
\@tempa=\box68
\@tempa=\box69
\@tempa=\box70
\@tempa=\box71
\@tempa=\box72
\@tempa=\box73
\@tempa=\box74
\@tempa=\box75
\@tempa=\box76
\@tempa=\box77
\@tempa=\box78
\@tempa=\box79
\c@columnbadness=\count164
\c@finalcolumnbadness=\count165
\last@try=\dimen258
\multicolovershoot=\dimen259
\multicolundershoot=\dimen260
\mult@nat@firstbox=\box80
\colbreak@box=\box81
\mc@col@check@num=\count166
)
(/usr/share/texmf-dist/tex/latex/listings/listings.sty
\lst@mode=\count167
\lst@gtempboxa=\box82
\lst@token=\toks46
\lst@length=\count168
\lst@currlwidth=\dimen261
\lst@column=\count169
\lst@pos=\count170
\lst@lostspace=\dimen262
\lst@width=\dimen263
\lst@newlines=\count171
\lst@lineno=\count172
\lst@maxwidth=\dimen264

(/usr/share/texmf-dist/tex/latex/listings/lstmisc.sty
File: lstmisc.sty 2019/02/27 1.8b (Carsten Heinz)
\c@lstnumber=\count173
\lst@skipnumbers=\count174
\lst@framebox=\box83
)
(/usr/share/texmf-dist/tex/latex/listings/listings.cfg
File: listings.cfg 2019/02/27 1.8b listings configuration
))
Package: listings 2019/02/27 1.8b (Carsten Heinz)

(/usr/share/texmf-dist/tex/latex/base/alltt.sty
Package: alltt 1997/06/16 v2.0g defines alltt environment
)
(/usr/share/texmf-dist/tex/latex/mathtools/mathtools.sty
Package: mathtools 2018/01/08 v1.21 mathematical typesetting tools

(/usr/share/texmf-dist/tex/latex/tools/calc.sty
Package: calc 2017/05/25 v4.3 Infix arithmetic (KKT,FJ)
\calc@Acount=\count175
\calc@Bcount=\count176
\calc@Adimen=\dimen265
\calc@Bdimen=\dimen266
\calc@Askip=\skip61
\calc@Bskip=\skip62
LaTeX Info: Redefining \setlength on input line 80.
LaTeX Info: Redefining \addtolength on input line 81.
\calc@Ccount=\count177
\calc@Cskip=\skip63
)
(/usr/share/texmf-dist/tex/latex/mathtools/mhsetup.sty
Package: mhsetup 2017/03/31 v1.3 programming setup (MH)
)
LaTeX Info: Thecontrolsequence`\('isalreadyrobust on input line 129.
LaTeX Info: Thecontrolsequence`\)'isalreadyrobust on input line 129.
LaTeX Info: Thecontrolsequence`\['isalreadyrobust on input line 129.
LaTeX Info: Thecontrolsequence`\]'isalreadyrobust on input line 129.
\g_MT_multlinerow_int=\count178
\l_MT_multwidth_dim=\dimen267
\origjot=\skip64
\l_MT_shortvdotswithinadjustabove_dim=\dimen268
\l_MT_shortvdotswithinadjustbelow_dim=\dimen269
\l_MT_above_intertext_sep=\dimen270
\l_MT_below_intertext_sep=\dimen271
\l_MT_above_shortintertext_sep=\dimen272
\l_MT_below_shortintertext_sep=\dimen273
)
(/usr/share/texmf-dist/tex/latex/cancel/cancel.sty
Package: cancel 2013/04/12 v2.2 Cancel math terms
)
(/usr/share/texmf-dist/tex/latex/beamer/beamerthemeFrankfurt.sty
(/usr/share/texmf-dist/tex/latex/beamer/beamerouterthemesmoothbars.sty)
(/usr/share/texmf-dist/tex/latex/beamer/beamerinnerthemerounded.sty)
(/usr/share/texmf-dist/tex/latex/beamer/beamercolorthemeorchid.sty)
(/usr/share/texmf-dist/tex/latex/beamer/beamercolorthemewhale.sty))
(/usr/share/texmf-dist/tex/latex/pgf/frontendlayer/tikz.sty
(/usr/share/texmf-dist/tex/latex/pgf/basiclayer/pgf.sty
Package: pgf 2019/02/02 v3.1.1 (3.1.1)

(/usr/share/texmf-dist/tex/generic/pgf/modules/pgfmoduleshapes.code.tex
File: pgfmoduleshapes.code.tex 2019/02/02 v3.1.1 (3.1.1)
\pgfnodeparttextbox=\box84
)
(/usr/share/texmf-dist/tex/generic/pgf/modules/pgfmoduleplot.code.tex
File: pgfmoduleplot.code.tex 2019/02/02 v3.1.1 (3.1.1)
)
(/usr/share/texmf-dist/tex/latex/pgf/compatibility/pgfcomp-version-0-65.sty
Package: pgfcomp-version-0-65 2019/02/02 v3.1.1 (3.1.1)
\pgf@nodesepstart=\dimen274
\pgf@nodesepend=\dimen275
)
(/usr/share/texmf-dist/tex/latex/pgf/compatibility/pgfcomp-version-1-18.sty
Package: pgfcomp-version-1-18 2019/02/02 v3.1.1 (3.1.1)
))
(/usr/share/texmf-dist/tex/latex/pgf/utilities/pgffor.sty
(/usr/share/texmf-dist/tex/latex/pgf/utilities/pgfkeys.sty
(/usr/share/texmf-dist/tex/generic/pgf/utilities/pgfkeys.code.tex))
(/usr/share/texmf-dist/tex/latex/pgf/math/pgfmath.sty
(/usr/share/texmf-dist/tex/generic/pgf/math/pgfmath.code.tex))
(/usr/share/texmf-dist/tex/generic/pgf/utilities/pgffor.code.tex
Package: pgffor 2019/02/02 v3.1.1 (3.1.1)

(/usr/share/texmf-dist/tex/generic/pgf/math/pgfmath.code.tex)
\pgffor@iter=\dimen276
\pgffor@skip=\dimen277
\pgffor@stack=\toks47
\pgffor@toks=\toks48
))
(/usr/share/texmf-dist/tex/generic/pgf/frontendlayer/tikz/tikz.code.tex
Package: tikz 2019/02/02 v3.1.1 (3.1.1)

(/usr/share/texmf-dist/tex/generic/pgf/libraries/pgflibraryplothandlers.code.te
x
File: pgflibraryplothandlers.code.tex 2019/02/02 v3.1.1 (3.1.1)
\pgf@plot@mark@count=\count179
\pgfplotmarksize=\dimen278
)
\tikz@lastx=\dimen279
\tikz@lasty=\dimen280
\tikz@lastxsaved=\dimen281
\tikz@lastysaved=\dimen282
\tikzleveldistance=\dimen283
\tikzsiblingdistance=\dimen284
\tikz@figbox=\box85
\tikz@figbox@bg=\box86
\tikz@tempbox=\box87
\tikz@tempbox@bg=\box88
\tikztreelevel=\count180
\tikznumberofchildren=\count181
\tikznumberofcurrentchild=\count182
\tikz@fig@count=\count183
 (/usr/share/texmf-dist/tex/generic/pgf/modules/pgfmodulematrix.code.tex
File: pgfmodulematrix.code.tex 2019/02/02 v3.1.1 (3.1.1)
\pgfmatrixcurrentrow=\count184
\pgfmatrixcurrentcolumn=\count185
\pgf@matrix@numberofcolumns=\count186
)
\tikz@expandcount=\count187

(/usr/share/texmf-dist/tex/generic/pgf/frontendlayer/tikz/libraries/tikzlibrary
topaths.code.tex
File: tikzlibrarytopaths.code.tex 2019/02/02 v3.1.1 (3.1.1)
))) (/usr/share/texmf-dist/tex/latex/pgfplots/pgfplots.sty
(/usr/share/texmf-dist/tex/generic/pgfplots/pgfplots.revision.tex)
Package: pgfplots 2018/03/28 v1.16 Data Visualization (1.16)

(/usr/share/texmf-dist/tex/generic/pgfplots/pgfplots.code.tex
(/usr/share/texmf-dist/tex/generic/pgfplots/pgfplotscore.code.tex
\t@pgfplots@toka=\toks49
\t@pgfplots@tokb=\toks50
\t@pgfplots@tokc=\toks51
\pgfplots@tmpa=\dimen285
\c@pgfplots@coordindex=\count188
\c@pgfplots@scanlineindex=\count189

(/usr/share/texmf-dist/tex/generic/pgfplots/sys/pgfplotssysgeneric.code.tex))
(/usr/share/texmf-dist/tex/generic/pgfplots/libs/pgfplotslibrary.code.tex)
(/usr/share/texmf-dist/tex/generic/pgfplots/oldpgfcompatib/pgfplotsoldpgfsupp_l
oader.code.tex
(/usr/share/texmf-dist/tex/generic/pgf/libraries/pgflibraryfpu.code.tex)
Package pgfplots: loading complementary arithmetics for your pgf version...

(/usr/share/texmf-dist/tex/generic/pgfplots/oldpgfcompatib/pgfplotsoldpgfsupp_p
gflibraryfpu.code.tex)
(/usr/share/texmf-dist/tex/generic/pgfplots/oldpgfcompatib/pgfplotsoldpgfsupp_p
gfmathfloat.code.tex
\c@pgfmathroundto@lastzeros=\count190
))
(/usr/share/texmf-dist/tex/generic/pgfplots/util/pgfplotsutil.code.tex
(/usr/share/texmf-dist/tex/generic/pgfplots/liststructure/pgfplotsliststructure
.code.tex)
(/usr/share/texmf-dist/tex/generic/pgfplots/liststructure/pgfplotsliststructure
ext.code.tex)
(/usr/share/texmf-dist/tex/generic/pgfplots/liststructure/pgfplotsarray.code.te
x
\c@pgfplotsarray@tmp=\count191
)
(/usr/share/texmf-dist/tex/generic/pgfplots/liststructure/pgfplotsmatrix.code.t
ex)
(/usr/share/texmf-dist/tex/generic/pgfplots/numtable/pgfplotstableshared.code.t
ex
\c@pgfplotstable@counta=\count192
\t@pgfplotstable@a=\toks52
)
(/usr/share/texmf-dist/tex/generic/pgfplots/liststructure/pgfplotsdeque.code.te
x) (/usr/share/texmf-dist/tex/generic/pgfplots/util/pgfplotsbinary.code.tex
(/usr/share/texmf-dist/tex/generic/pgfplots/util/pgfplotsbinary.data.code.tex))
(/usr/share/texmf-dist/tex/generic/pgfplots/util/pgfplotsutil.verb.code.tex)
(/usr/share/texmf-dist/tex/generic/pgfplots/libs/pgflibrarypgfplots.surfshading
.code.tex
\c@pgfplotslibrarysurf@no=\count193

(/usr/share/texmf-dist/tex/generic/pgfplots/sys/pgflibrarypgfplots.surfshading.
pgfsys-pdftex.def)))
(/usr/share/texmf-dist/tex/generic/pgfplots/util/pgfplotscolormap.code.tex
(/usr/share/texmf-dist/tex/generic/pgfplots/util/pgfplotscolor.code.tex))
(/usr/share/texmf-dist/tex/generic/pgfplots/pgfplotsstackedplots.code.tex)
(/usr/share/texmf-dist/tex/generic/pgfplots/pgfplotsplothandlers.code.tex
(/usr/share/texmf-dist/tex/generic/pgfplots/pgfplotsmeshplothandler.code.tex
(/usr/share/texmf-dist/tex/generic/pgfplots/pgfplotsmeshplotimage.code.tex)))
(/usr/share/texmf-dist/tex/generic/pgfplots/pgfplots.scaling.code.tex)
(/usr/share/texmf-dist/tex/generic/pgfplots/pgfplotscoordprocessing.code.tex)
(/usr/share/texmf-dist/tex/generic/pgfplots/pgfplots.errorbars.code.tex)
(/usr/share/texmf-dist/tex/generic/pgfplots/pgfplots.markers.code.tex)
(/usr/share/texmf-dist/tex/generic/pgfplots/pgfplotsticks.code.tex)
(/usr/share/texmf-dist/tex/generic/pgfplots/pgfplots.paths.code.tex)
(/usr/share/texmf-dist/tex/generic/pgf/frontendlayer/tikz/libraries/tikzlibrary
decorations.code.tex
(/usr/share/texmf-dist/tex/generic/pgf/modules/pgfmoduledecorations.code.tex
\pgfdecoratedcompleteddistance=\dimen286
\pgfdecoratedremainingdistance=\dimen287
\pgfdecoratedinputsegmentcompleteddistance=\dimen288
\pgfdecoratedinputsegmentremainingdistance=\dimen289
\pgf@decorate@distancetomove=\dimen290
\pgf@decorate@repeatstate=\count194
\pgfdecorationsegmentamplitude=\dimen291
\pgfdecorationsegmentlength=\dimen292
)
\tikz@lib@dec@box=\box89
)
(/usr/share/texmf-dist/tex/generic/pgf/frontendlayer/tikz/libraries/tikzlibrary
decorations.pathmorphing.code.tex
(/usr/share/texmf-dist/tex/generic/pgf/libraries/decorations/pgflibrarydecorati
ons.pathmorphing.code.tex))
(/usr/share/texmf-dist/tex/generic/pgf/frontendlayer/tikz/libraries/tikzlibrary
decorations.pathreplacing.code.tex
(/usr/share/texmf-dist/tex/generic/pgf/libraries/decorations/pgflibrarydecorati
ons.pathreplacing.code.tex))
\pgfplots@numplots=\count195
\pgfplots@xmin@reg=\dimen293
\pgfplots@xmax@reg=\dimen294
\pgfplots@ymin@reg=\dimen295
\pgfplots@ymax@reg=\dimen296
\pgfplots@zmin@reg=\dimen297
\pgfplots@zmax@reg=\dimen298
)
(/usr/share/texmf-dist/tex/generic/pgf/frontendlayer/tikz/libraries/tikzlibrary
plotmarks.code.tex
File: tikzlibraryplotmarks.code.tex 2019/02/02 v3.1.1 (3.1.1)

(/usr/share/texmf-dist/tex/generic/pgf/libraries/pgflibraryplotmarks.code.tex
File: pgflibraryplotmarks.code.tex 2019/02/02 v3.1.1 (3.1.1)
)))
(/usr/share/texmf-dist/tex/generic/pgf/frontendlayer/tikz/libraries/tikzlibrary
patterns.code.tex
File: tikzlibrarypatterns.code.tex 2019/02/02 v3.1.1 (3.1.1)

(/usr/share/texmf-dist/tex/generic/pgf/libraries/pgflibrarypatterns.code.tex
File: pgflibrarypatterns.code.tex 2019/02/02 v3.1.1 (3.1.1)
))
(./presentacion-tesis.aux)
\openout1 = `presentacion-tesis.aux'.

LaTeX Font Info:    Checking defaults for OML/cmm/m/it on input line 34.
LaTeX Font Info:    ... okay on input line 34.
LaTeX Font Info:    Checking defaults for T1/cmr/m/n on input line 34.
LaTeX Font Info:    ... okay on input line 34.
LaTeX Font Info:    Checking defaults for OT1/cmr/m/n on input line 34.
LaTeX Font Info:    ... okay on input line 34.
LaTeX Font Info:    Checking defaults for OMS/cmsy/m/n on input line 34.
LaTeX Font Info:    ... okay on input line 34.
LaTeX Font Info:    Checking defaults for OMX/cmex/m/n on input line 34.
LaTeX Font Info:    ... okay on input line 34.
LaTeX Font Info:    Checking defaults for U/cmr/m/n on input line 34.
LaTeX Font Info:    ... okay on input line 34.
LaTeX Font Info:    Checking defaults for PD1/pdf/m/n on input line 34.
LaTeX Font Info:    ... okay on input line 34.
LaTeX Font Info:    Try loading font information for T1+lmss on input line 34.
 (/usr/share/texmf-dist/tex/latex/lm/t1lmss.fd
File: t1lmss.fd 2009/10/30 v1.6 Font defs for Latin Modern
)
*geometry* driver: auto-detecting
*geometry* detected driver: pdftex
*geometry* verbose mode - [ preamble ] result:
* driver: pdftex
* paper: custom
* layout: <same size as paper>
* layoutoffset:(h,v)=(0.0pt,0.0pt)
* modes: includehead includefoot 
* h-part:(L,W,R)=(28.45274pt, 307.28987pt, 28.45274pt)
* v-part:(T,H,B)=(0.0pt, 273.14662pt, 0.0pt)
* \paperwidth=364.19536pt
* \paperheight=273.14662pt
* \textwidth=307.28987pt
* \textheight=244.6939pt
* \oddsidemargin=-43.81725pt
* \evensidemargin=-43.81725pt
* \topmargin=-72.26999pt
* \headheight=14.22636pt
* \headsep=0.0pt
* \topskip=11.0pt
* \footskip=14.22636pt
* \marginparwidth=4.0pt
* \marginparsep=10.0pt
* \columnsep=10.0pt
* \skip\footins=10.0pt plus 4.0pt minus 2.0pt
* \hoffset=0.0pt
* \voffset=0.0pt
* \mag=1000
* \@twocolumnfalse
* \@twosidefalse
* \@mparswitchfalse
* \@reversemarginfalse
* (1in=72.27pt=25.4mm, 1cm=28.453pt)

(/usr/share/texmf-dist/tex/context/base/mkii/supp-pdf.mkii
[Loading MPS to PDF converter (version 2006.09.02).]
\scratchcounter=\count196
\scratchdimen=\dimen299
\scratchbox=\box90
\nofMPsegments=\count197
\nofMParguments=\count198
\everyMPshowfont=\toks53
\MPscratchCnt=\count199
\MPscratchDim=\dimen300
\MPnumerator=\count266
\makeMPintoPDFobject=\count267
\everyMPtoPDFconversion=\toks54
) ABD: EveryShipout initializing macros
\AtBeginShipoutBox=\box91
Package hyperref Info: Link coloring OFF on input line 34.

(/usr/share/texmf-dist/tex/latex/hyperref/nameref.sty
Package: nameref 2016/05/21 v2.44 Cross-referencing by name of section

(/usr/share/texmf-dist/tex/generic/oberdiek/gettitlestring.sty
Package: gettitlestring 2016/05/16 v1.5 Cleanup title references (HO)
)
\c@section@level=\count268
)
LaTeX Info: Redefining \ref on input line 34.
LaTeX Info: Redefining \pageref on input line 34.
LaTeX Info: Redefining \nameref on input line 34.

(./presentacion-tesis.out) (./presentacion-tesis.out)
\@outlinefile=\write5
\openout5 = `presentacion-tesis.out'.

LaTeX Font Info:    Overwriting symbol font `operators' in version `normal'
(Font)                  OT1/lmr/m/n --> OT1/cmss/m/n on input line 34.
LaTeX Font Info:    Overwriting symbol font `operators' in version `bold'
(Font)                  OT1/lmr/bx/n --> OT1/cmss/bx/n on input line 34.
LaTeX Font Info:    Overwriting symbol font `operators' in version `normal'
(Font)                  OT1/cmss/m/n --> OT1/lmss/m/n on input line 34.
LaTeX Font Info:    Overwriting symbol font `operators' in version `bold'
(Font)                  OT1/cmss/bx/n --> OT1/lmss/bx/n on input line 34.
\symnumbers=\mathgroup6
\sympureletters=\mathgroup7
LaTeX Font Info:    Overwriting math alphabet `\mathrm' in version `normal'
(Font)                  OT1/lmss/m/n --> T1/lmr/m/n on input line 34.
LaTeX Font Info:    Redeclaring math alphabet \mathbf on input line 34.
LaTeX Font Info:    Overwriting math alphabet `\mathbf' in version `normal'
(Font)                  OT1/lmr/bx/n --> T1/lmss/bx/n on input line 34.
LaTeX Font Info:    Overwriting math alphabet `\mathbf' in version `bold'
(Font)                  OT1/lmr/bx/n --> T1/lmss/bx/n on input line 34.
LaTeX Font Info:    Redeclaring math alphabet \mathsf on input line 34.
LaTeX Font Info:    Overwriting math alphabet `\mathsf' in version `normal'
(Font)                  OT1/lmss/m/n --> T1/lmss/m/n on input line 34.
LaTeX Font Info:    Overwriting math alphabet `\mathsf' in version `bold'
(Font)                  OT1/lmss/bx/n --> T1/lmss/m/n on input line 34.
LaTeX Font Info:    Redeclaring math alphabet \mathit on input line 34.
LaTeX Font Info:    Overwriting math alphabet `\mathit' in version `normal'
(Font)                  OT1/lmr/m/it --> T1/lmss/m/it on input line 34.
LaTeX Font Info:    Overwriting math alphabet `\mathit' in version `bold'
(Font)                  OT1/lmr/bx/it --> T1/lmss/m/it on input line 34.
LaTeX Font Info:    Redeclaring math alphabet \mathtt on input line 34.
LaTeX Font Info:    Overwriting math alphabet `\mathtt' in version `normal'
(Font)                  OT1/lmtt/m/n --> T1/lmtt/m/n on input line 34.
LaTeX Font Info:    Overwriting math alphabet `\mathtt' in version `bold'
(Font)                  OT1/lmtt/m/n --> T1/lmtt/m/n on input line 34.
LaTeX Font Info:    Overwriting symbol font `numbers' in version `bold'
(Font)                  T1/lmss/m/n --> T1/lmss/bx/n on input line 34.
LaTeX Font Info:    Overwriting symbol font `pureletters' in version `bold'
(Font)                  T1/lmss/m/it --> T1/lmss/bx/it on input line 34.
LaTeX Font Info:    Overwriting math alphabet `\mathrm' in version `bold'
(Font)                  OT1/lmss/bx/n --> T1/lmr/bx/n on input line 34.
LaTeX Font Info:    Overwriting math alphabet `\mathbf' in version `bold'
(Font)                  T1/lmss/bx/n --> T1/lmss/bx/n on input line 34.
LaTeX Font Info:    Overwriting math alphabet `\mathsf' in version `bold'
(Font)                  T1/lmss/m/n --> T1/lmss/bx/n on input line 34.
LaTeX Font Info:    Overwriting math alphabet `\mathit' in version `bold'
(Font)                  T1/lmss/m/it --> T1/lmss/bx/it on input line 34.
LaTeX Font Info:    Overwriting math alphabet `\mathtt' in version `bold'
(Font)                  T1/lmtt/m/n --> T1/lmtt/bx/n on input line 34.

(/usr/share/texmf-dist/tex/latex/translator/translator-basic-dictionary-English
.dict
Dictionary: translator-basic-dictionary, Language: English 
)
(/usr/share/texmf-dist/tex/latex/translator/translator-bibliography-dictionary-
English.dict
Dictionary: translator-bibliography-dictionary, Language: English 
)
(/usr/share/texmf-dist/tex/latex/translator/translator-environment-dictionary-E
nglish.dict
Dictionary: translator-environment-dictionary, Language: English 
)
(/usr/share/texmf-dist/tex/latex/translator/translator-months-dictionary-Englis
h.dict
Dictionary: translator-months-dictionary, Language: English 
)
(/usr/share/texmf-dist/tex/latex/translator/translator-numbers-dictionary-Engli
sh.dict
Dictionary: translator-numbers-dictionary, Language: English 
)
(/usr/share/texmf-dist/tex/latex/translator/translator-theorem-dictionary-Engli
sh.dict
Dictionary: translator-theorem-dictionary, Language: English 
)
Package caption Info: Begin \AtBeginDocument code.
Package caption Info: listings package is loaded.
Package caption Info: End \AtBeginDocument code.
\c@lstlisting=\count269


Package pgfplots Warning: running in backwards compatibility mode (unsuitable t
ick labels; missing features). Consider writing \pgfplotsset{compat=1.16} into 
your preamble.
 on input line 34.

(./presentacion-tesis.nav)

Package hyperref Warning: Option `pdfauthor' has already been used,
(hyperref)                setting the option has no effect on input line 44.

LaTeX Font Info:    Try loading font information for OT1+lmss on input line 61.

(/usr/share/texmf-dist/tex/latex/lm/ot1lmss.fd
File: ot1lmss.fd 2009/10/30 v1.6 Font defs for Latin Modern
)
LaTeX Font Info:    Try loading font information for OML+lmm on input line 61.

(/usr/share/texmf-dist/tex/latex/lm/omllmm.fd
File: omllmm.fd 2009/10/30 v1.6 Font defs for Latin Modern
)
LaTeX Font Info:    Try loading font information for OMS+lmsy on input line 61.


(/usr/share/texmf-dist/tex/latex/lm/omslmsy.fd
File: omslmsy.fd 2009/10/30 v1.6 Font defs for Latin Modern
)
LaTeX Font Info:    Try loading font information for OMX+lmex on input line 61.


(/usr/share/texmf-dist/tex/latex/lm/omxlmex.fd
File: omxlmex.fd 2009/10/30 v1.6 Font defs for Latin Modern
)
LaTeX Font Info:    External font `lmex10' loaded for size
(Font)              <10> on input line 61.
LaTeX Font Info:    External font `lmex10' loaded for size
(Font)              <7> on input line 61.
LaTeX Font Info:    External font `lmex10' loaded for size
(Font)              <5> on input line 61.
LaTeX Font Info:    Try loading font information for U+msa on input line 61.

(/usr/share/texmf-dist/tex/latex/amsfonts/umsa.fd
File: umsa.fd 2013/01/14 v3.01 AMS symbols A
)
LaTeX Font Info:    Try loading font information for U+msb on input line 61.

(/usr/share/texmf-dist/tex/latex/amsfonts/umsb.fd
File: umsb.fd 2013/01/14 v3.01 AMS symbols B
)
LaTeX Font Info:    Font shape `T1/lmss/m/it' in size <10> not available
(Font)              Font shape `T1/lmss/m/sl' tried instead on input line 61.
LaTeX Font Info:    Font shape `T1/lmss/m/it' in size <7> not available
(Font)              Font shape `T1/lmss/m/sl' tried instead on input line 61.
LaTeX Font Info:    Font shape `T1/lmss/m/it' in size <5> not available
(Font)              Font shape `T1/lmss/m/sl' tried instead on input line 61.

Overfull \vbox (196.98344pt too high) detected at line 61
 []

<unison-logo.png, id=130, 321.2pt x 321.2pt>
File: unison-logo.png Graphic file (type png)
<use unison-logo.png>
Package pdftex.def Info: unison-logo.png  used on input line 61.
(pdftex.def)             Requested size: 32.12187pt x 32.12187pt.
[1{/var/lib/texmf/fonts/map/pdftex/updmap/pdftex.map}

 <./unison-logo.png>]
(./presentacion-tesis.toc
LaTeX Font Info:    External font `lmex10' loaded for size
(Font)              <6> on input line 9.
LaTeX Font Info:    Font shape `T1/lmss/m/it' in size <6> not available
(Font)              Font shape `T1/lmss/m/sl' tried instead on input line 9.
)
File: unison-logo.png Graphic file (type png)
<use unison-logo.png>
Package pdftex.def Info: unison-logo.png  used on input line 66.
(pdftex.def)             Requested size: 32.12187pt x 32.12187pt.
 [2

]
LaTeX Font Info:    External font `lmex10' loaded for size
(Font)              <10.95> on input line 94.
LaTeX Font Info:    External font `lmex10' loaded for size
(Font)              <8> on input line 94.
LaTeX Font Info:    Font shape `T1/lmss/m/it' in size <10.95> not available
(Font)              Font shape `T1/lmss/m/sl' tried instead on input line 94.
LaTeX Font Info:    Font shape `T1/lmss/m/it' in size <8> not available
(Font)              Font shape `T1/lmss/m/sl' tried instead on input line 94.
File: unison-logo.png Graphic file (type png)
<use unison-logo.png>
Package pdftex.def Info: unison-logo.png  used on input line 94.
(pdftex.def)             Requested size: 32.12187pt x 32.12187pt.
 [3

]
<figures/sm1.png, id=380, 1397.22pt x 926.71219pt>
File: figures/sm1.png Graphic file (type png)
<use figures/sm1.png>
Package pdftex.def Info: figures/sm1.png  used on input line 106.
(pdftex.def)             Requested size: 170.7079pt x 142.25313pt.
<figures/sm.png, id=381, 853.1875pt x 810.02625pt>
File: figures/sm.png Graphic file (type png)
<use figures/sm.png>
Package pdftex.def Info: figures/sm.png  used on input line 106.
(pdftex.def)             Requested size: 142.25398pt x 142.26347pt.

Overfull \hbox (29.67204pt too wide) in paragraph at lines 106--106
 [] 
 []

File: unison-logo.png Graphic file (type png)
<use unison-logo.png>
Package pdftex.def Info: unison-logo.png  used on input line 106.
(pdftex.def)             Requested size: 32.12187pt x 32.12187pt.
[4

 <./figures/sm1.png> <./figures/sm.png>]
File: unison-logo.png Graphic file (type png)
<use unison-logo.png>
Package pdftex.def Info: unison-logo.png  used on input line 151.
(pdftex.def)             Requested size: 32.12187pt x 32.12187pt.
 [5

]
File: unison-logo.png Graphic file (type png)
<use unison-logo.png>
Package pdftex.def Info: unison-logo.png  used on input line 215.
(pdftex.def)             Requested size: 32.12187pt x 32.12187pt.
 [6

]
LaTeX Font Info:    External font `lmex10' loaded for size
(Font)              <9> on input line 254.
LaTeX Font Info:    Font shape `T1/lmss/m/it' in size <9> not available
(Font)              Font shape `T1/lmss/m/sl' tried instead on input line 254.
File: unison-logo.png Graphic file (type png)
<use unison-logo.png>
Package pdftex.def Info: unison-logo.png  used on input line 254.
(pdftex.def)             Requested size: 32.12187pt x 32.12187pt.
 [7

]
File: unison-logo.png Graphic file (type png)
<use unison-logo.png>
Package pdftex.def Info: unison-logo.png  used on input line 280.
(pdftex.def)             Requested size: 32.12187pt x 32.12187pt.
 [8

]
<figures/pg.png, id=690, 807.7678pt x 367.3725pt>
File: figures/pg.png Graphic file (type png)
<use figures/pg.png>
Package pdftex.def Info: figures/pg.png  used on input line 291.
(pdftex.def)             Requested size: 323.1014pt x 146.94638pt.

Overfull \hbox (15.81152pt too wide) in paragraph at lines 291--291
 [] 
 []

[9

 <./figures/pg.png (PNG copy)>]
<figures/tq.png, id=748, 635.37375pt x 215.30438pt>
File: figures/tq.png Graphic file (type png)
<use figures/tq.png>
Package pdftex.def Info: figures/tq.png  used on input line 304.
(pdftex.def)             Requested size: 254.14499pt x 86.12022pt.
LaTeX Font Info:    External font `lmex10' loaded for size
(Font)              <14.4> on input line 304.
LaTeX Font Info:    Font shape `T1/lmss/m/it' in size <14.4> not available
(Font)              Font shape `T1/lmss/m/sl' tried instead on input line 304.
 [10

 <./figures/tq.png (PNG copy)>]
File: unison-logo.png Graphic file (type png)
<use unison-logo.png>
Package pdftex.def Info: unison-logo.png  used on input line 320.
(pdftex.def)             Requested size: 32.12187pt x 32.12187pt.
 [11

]
File: unison-logo.png Graphic file (type png)
<use unison-logo.png>
Package pdftex.def Info: unison-logo.png  used on input line 338.
(pdftex.def)             Requested size: 32.12187pt x 32.12187pt.

[12

]
File: unison-logo.png Graphic file (type png)
<use unison-logo.png>
Package pdftex.def Info: unison-logo.png  used on input line 378.
(pdftex.def)             Requested size: 32.12187pt x 32.12187pt.
 [13

]
File: unison-logo.png Graphic file (type png)
<use unison-logo.png>
Package pdftex.def Info: unison-logo.png  used on input line 391.
(pdftex.def)             Requested size: 32.12187pt x 32.12187pt.
 [14

]
File: unison-logo.png Graphic file (type png)
<use unison-logo.png>
Package pdftex.def Info: unison-logo.png  used on input line 429.
(pdftex.def)             Requested size: 32.12187pt x 32.12187pt.
 [15

]
Overfull \hbox (12.55249pt too wide) in paragraph at lines 467--467
 [] 
 []

File: unison-logo.png Graphic file (type png)
<use unison-logo.png>
Package pdftex.def Info: unison-logo.png  used on input line 467.
(pdftex.def)             Requested size: 32.12187pt x 32.12187pt.
[16

]
<figures/CERN's-accelerator-complex2013.jpg, id=1161, 966.61125pt x 775.89874pt
>
File: figures/CERN's-accelerator-complex2013.jpg Graphic file (type jpg)
<use figures/CERN's-accelerator-complex2013.jpg>
Package pdftex.def Info: figures/CERN's-accelerator-complex2013.jpg  used on in
put line 478.
(pdftex.def)             Requested size: 193.31882pt x 155.177pt.
File: unison-logo.png Graphic file (type png)
<use unison-logo.png>
Package pdftex.def Info: unison-logo.png  used on input line 478.
(pdftex.def)             Requested size: 32.12187pt x 32.12187pt.
 [17

 <./figures/CERN's-accelerator-complex2013.jpg>]
<figures/lhc-u.png, id=1220, 486.81876pt x 305.14pt>
File: figures/lhc-u.png Graphic file (type png)
<use figures/lhc-u.png>
Package pdftex.def Info: figures/lhc-u.png  used on input line 487.
(pdftex.def)             Requested size: 292.0935pt x 183.0854pt.
File: unison-logo.png Graphic file (type png)
<use unison-logo.png>
Package pdftex.def Info: unison-logo.png  used on input line 487.
(pdftex.def)             Requested size: 32.12187pt x 32.12187pt.
 [18

 <./figures/lhc-u.png>]
File: unison-logo.png Graphic file (type png)
<use unison-logo.png>
Package pdftex.def Info: unison-logo.png  used on input line 538.
(pdftex.def)             Requested size: 32.12187pt x 32.12187pt.
 [19

]
<figures/cms.png, id=1338, 3189.9175pt x 2253.41875pt>
File: figures/cms.png Graphic file (type png)
<use figures/cms.png>
Package pdftex.def Info: figures/cms.png  used on input line 549.
(pdftex.def)             Requested size: 255.19861pt x 180.27718pt.
File: unison-logo.png Graphic file (type png)
<use unison-logo.png>
Package pdftex.def Info: unison-logo.png  used on input line 549.
(pdftex.def)             Requested size: 32.12187pt x 32.12187pt.
 [20

 <./figures/cms.png>]
<figures/csc.png, id=1398, 380.92313pt x 243.15843pt>
File: figures/csc.png Graphic file (type png)
<use figures/csc.png>
Package pdftex.def Info: figures/csc.png  used on input line 559.
(pdftex.def)             Requested size: 228.55562pt x 145.89618pt.
File: unison-logo.png Graphic file (type png)
<use unison-logo.png>
Package pdftex.def Info: unison-logo.png  used on input line 559.
(pdftex.def)             Requested size: 32.12187pt x 32.12187pt.
 [21

 <./figures/csc.png (PNG copy)>]
<figures/pp.png, id=1457, 682.55pt x 416.55624pt>
File: figures/pp.png Graphic file (type png)
<use figures/pp.png>
Package pdftex.def Info: figures/pp.png  used on input line 568.
(pdftex.def)             Requested size: 273.01517pt x 166.61954pt.
File: unison-logo.png Graphic file (type png)
<use unison-logo.png>
Package pdftex.def Info: unison-logo.png  used on input line 568.
(pdftex.def)             Requested size: 32.12187pt x 32.12187pt.
 [22

 <./figures/pp.png>]
<figures/cms_lumi.png, id=1517, 815.045pt x 646.415pt>
File: figures/cms_lumi.png Graphic file (type png)
<use figures/cms_lumi.png>
Package pdftex.def Info: figures/cms_lumi.png  used on input line 578.
(pdftex.def)             Requested size: 244.51538pt x 193.926pt.

Overfull \vbox (1.84972pt too high) detected at line 578
 []

File: unison-logo.png Graphic file (type png)
<use unison-logo.png>
Package pdftex.def Info: unison-logo.png  used on input line 578.
(pdftex.def)             Requested size: 32.12187pt x 32.12187pt.
[23

 <./figures/cms_lumi.png>]

Package hyperref Warning: Token not allowed in a PDF string (PDFDocEncoding):
(hyperref)                removing `math shift' on input line 610.


Package hyperref Warning: Token not allowed in a PDF string (PDFDocEncoding):
(hyperref)                removing `math shift' on input line 610.

<figures/jet.png, id=1576, 201.75375pt x 321.45094pt>
File: figures/jet.png Graphic file (type png)
<use figures/jet.png>
Package pdftex.def Info: figures/jet.png  used on input line 610.
(pdftex.def)             Requested size: 100.87662pt x 160.72507pt.
File: unison-logo.png Graphic file (type png)
<use unison-logo.png>
Package pdftex.def Info: unison-logo.png  used on input line 610.
(pdftex.def)             Requested size: 32.12187pt x 32.12187pt.
[24

 <./figures/jet.png (PNG copy)>]
File: unison-logo.png Graphic file (type png)
<use unison-logo.png>
Package pdftex.def Info: unison-logo.png  used on input line 659.
(pdftex.def)             Requested size: 32.12187pt x 32.12187pt.
 [25

]
File: unison-logo.png Graphic file (type png)
<use unison-logo.png>
Package pdftex.def Info: unison-logo.png  used on input line 672.
(pdftex.def)             Requested size: 32.12187pt x 32.12187pt.
 [26

]
File: unison-logo.png Graphic file (type png)
<use unison-logo.png>
Package pdftex.def Info: unison-logo.png  used on input line 696.
(pdftex.def)             Requested size: 32.12187pt x 32.12187pt.
 [27

]
LaTeX Font Info:    Calculating math sizes for size <4> on input line 711.
LaTeX Font Info:    External font `lmex10' loaded for size
(Font)              <4> on input line 711.
LaTeX Font Info:    External font `lmex10' loaded for size
(Font)              <2.79999> on input line 711.
LaTeX Font Info:    External font `lmex10' loaded for size
(Font)              <2> on input line 711.
LaTeX Font Info:    Font shape `T1/lmss/m/it' in size <4> not available
(Font)              Font shape `T1/lmss/m/sl' tried instead on input line 711.
LaTeX Font Info:    Font shape `T1/lmss/m/it' in size <2.79999> not available
(Font)              Font shape `T1/lmss/m/sl' tried instead on input line 711.
LaTeX Font Info:    Font shape `T1/lmss/m/it' in size <2> not available
(Font)              Font shape `T1/lmss/m/sl' tried instead on input line 711.
<figures/distributions/compare_variables-pt-sub.pdf, id=1810, 569.12625pt x 386
.44376pt>
File: figures/distributions/compare_variables-pt-sub.pdf Graphic file (type pdf
)
<use figures/distributions/compare_variables-pt-sub.pdf>
Package pdftex.def Info: figures/distributions/compare_variables-pt-sub.pdf  us
ed on input line 711.
(pdftex.def)             Requested size: 156.4885pt x 85.35399pt.
<figures/distributions/compare_variables-abs-pj-eta.pdf, id=1811, 569.12625pt x
 386.44376pt>
File: figures/distributions/compare_variables-abs-pj-eta.pdf Graphic file (type
 pdf)
<use figures/distributions/compare_variables-abs-pj-eta.pdf>
Package pdftex.def Info: figures/distributions/compare_variables-abs-pj-eta.pdf
  used on input line 711.
(pdftex.def)             Requested size: 156.4885pt x 85.35399pt.
<figures/distributions/compare_variablescompare_variables-ncj24.pdf, id=1812, 5
69.12625pt x 386.44376pt>
File: figures/distributions/compare_variablescompare_variables-ncj24.pdf Graphi
c file (type pdf)
<use figures/distributions/compare_variablescompare_variables-ncj24.pdf>
Package pdftex.def Info: figures/distributions/compare_variablescompare_variabl
es-ncj24.pdf  used on input line 711.
(pdftex.def)             Requested size: 156.4885pt x 85.35399pt.
<figures/distributions/compare_variables-nfj.pdf, id=1813, 569.12625pt x 386.44
376pt>
File: figures/distributions/compare_variables-nfj.pdf Graphic file (type pdf)
<use figures/distributions/compare_variables-nfj.pdf>
Package pdftex.def Info: figures/distributions/compare_variables-nfj.pdf  used 
on input line 711.
(pdftex.def)             Requested size: 156.4885pt x 85.35399pt.

Overfull \hbox (29.68715pt too wide) in paragraph at lines 711--711
 [] 
 []

[28

 <./figures/distributions/compare_variables-pt-sub.pdf, page is rotated 90 degr
ees> <./figures/distributions/compare_variables-abs-pj-eta.pdf, page is rotated
 90 degrees> <./figures/distributions/compare_variablescompare_variables-ncj24.
pdf, page is rotated 90 degrees> <./figures/distributions/compare_variables-nfj
.pdf, page is rotated 90 degrees>]
<figures/distributions/compare_variables-eta-fj-cl.pdf, id=2044, 569.12625pt x 
386.44376pt>
File: figures/distributions/compare_variables-eta-fj-cl.pdf Graphic file (type 
pdf)
<use figures/distributions/compare_variables-eta-fj-cl.pdf>
Package pdftex.def Info: figures/distributions/compare_variables-eta-fj-cl.pdf 
 used on input line 727.
(pdftex.def)             Requested size: 156.4885pt x 85.35399pt.
<figures/distributions/compare_variables-eta-fj-b1.pdf, id=2045, 569.12625pt x 
386.44376pt>
File: figures/distributions/compare_variables-eta-fj-b1.pdf Graphic file (type 
pdf)
<use figures/distributions/compare_variables-eta-fj-b1.pdf>
Package pdftex.def Info: figures/distributions/compare_variables-eta-fj-b1.pdf 
 used on input line 727.
(pdftex.def)             Requested size: 156.4885pt x 85.35399pt.
<figures/distributions/compare_variables-dr.pdf, id=2046, 569.12625pt x 386.443
76pt>
File: figures/distributions/compare_variables-dr.pdf Graphic file (type pdf)
<use figures/distributions/compare_variables-dr.pdf>
Package pdftex.def Info: figures/distributions/compare_variables-dr.pdf  used o
n input line 727.
(pdftex.def)             Requested size: 156.4885pt x 85.35399pt.
<figures/distributions/compare_variables-phi.pdf, id=2047, 569.12625pt x 386.44
376pt>
File: figures/distributions/compare_variables-phi.pdf Graphic file (type pdf)
<use figures/distributions/compare_variables-phi.pdf>
Package pdftex.def Info: figures/distributions/compare_variables-phi.pdf  used 
on input line 727.
(pdftex.def)             Requested size: 156.4885pt x 85.35399pt.

Overfull \hbox (29.68715pt too wide) in paragraph at lines 727--727
 [] 
 []

[29

 <./figures/distributions/compare_variables-eta-fj-cl.pdf, page is rotated 90 d
egrees> <./figures/distributions/compare_variables-eta-fj-b1.pdf, page is rotat
ed 90 degrees> <./figures/distributions/compare_variables-dr.pdf, page is rotat
ed 90 degrees> <./figures/distributions/compare_variables-phi.pdf, page is rota
ted 90 degrees>]
<figures/histo.png, id=2278, 451.6875pt x 568.1225pt>
File: figures/histo.png Graphic file (type png)
<use figures/histo.png>
Package pdftex.def Info: figures/histo.png  used on input line 770.
(pdftex.def)             Requested size: 135.5073pt x 170.43805pt.

Overfull \hbox (17.37045pt too wide) in paragraph at lines 770--770
 [] 
 []

[30

 <./figures/histo.png>]
<figures/kos.png, id=2340, 903.375pt x 903.375pt>
File: figures/kos.png Graphic file (type png)
<use figures/kos.png>
Package pdftex.def Info: figures/kos.png  used on input line 792.
(pdftex.def)             Requested size: 147.49782pt x 147.4928pt.
<figures/kos2.png, id=2341, 903.375pt x 903.375pt>
File: figures/kos2.png Graphic file (type png)
<use figures/kos2.png>
Package pdftex.def Info: figures/kos2.png  used on input line 792.
(pdftex.def)             Requested size: 147.49782pt x 147.4928pt.
 [31

 <./figures/kos.png> <./figures/kos2.png>]
File: unison-logo.png Graphic file (type png)
<use unison-logo.png>
Package pdftex.def Info: unison-logo.png  used on input line 807.
(pdftex.def)             Requested size: 32.12187pt x 32.12187pt.

[32

]
<figures/fit-box.png, id=2458, 721.69624pt x 325.215pt>
File: figures/fit-box.png Graphic file (type png)
<use figures/fit-box.png>
Package pdftex.def Info: figures/fit-box.png  used on input line 822.
(pdftex.def)             Requested size: 298.75394pt x 134.62427pt.
File: unison-logo.png Graphic file (type png)
<use unison-logo.png>
Package pdftex.def Info: unison-logo.png  used on input line 822.
(pdftex.def)             Requested size: 32.12187pt x 32.12187pt.
 [33

 <./figures/fit-box.png>]
File: unison-logo.png Graphic file (type png)
<use unison-logo.png>
Package pdftex.def Info: unison-logo.png  used on input line 836.
(pdftex.def)             Requested size: 32.12187pt x 32.12187pt.
 [34

]
File: unison-logo.png Graphic file (type png)
<use unison-logo.png>
Package pdftex.def Info: unison-logo.png  used on input line 850.
(pdftex.def)             Requested size: 32.12187pt x 32.12187pt.
 [35

]
<figures/simple.png, id=2632, 903.375pt x 903.375pt>
File: figures/simple.png Graphic file (type png)
<use figures/simple.png>
Package pdftex.def Info: figures/simple.png  used on input line 873.
(pdftex.def)             Requested size: 156.48022pt x 142.25475pt.

Overfull \hbox (33.56616pt too wide) in paragraph at lines 873--873
 [] 
 []

<figures/simple-kt-1.png, id=2633, 903.375pt x 903.375pt>
File: figures/simple-kt-1.png Graphic file (type png)
<use figures/simple-kt-1.png>
Package pdftex.def Info: figures/simple-kt-1.png  used on input line 873.
(pdftex.def)             Requested size: 156.48022pt x 142.25475pt.

Overfull \hbox (33.56616pt too wide) in paragraph at lines 873--873
 [] 
 []

File: unison-logo.png Graphic file (type png)
<use unison-logo.png>
Package pdftex.def Info: unison-logo.png  used on input line 873.
(pdftex.def)             Requested size: 32.12187pt x 32.12187pt.
[36

 <./figures/simple.png> <./figures/simple-kt-1.png>]
File: unison-logo.png Graphic file (type png)
<use unison-logo.png>
Package pdftex.def Info: unison-logo.png  used on input line 898.
(pdftex.def)             Requested size: 32.12187pt x 32.12187pt.
 [37

]
File: unison-logo.png Graphic file (type png)
<use unison-logo.png>
Package pdftex.def Info: unison-logo.png  used on input line 922.
(pdftex.def)             Requested size: 32.12187pt x 32.12187pt.
 [38

]
<figures/Likelihood.png, id=2810, 1202.4925pt x 879.285pt>
File: figures/Likelihood.png Graphic file (type png)
<use figures/Likelihood.png>
Package pdftex.def Info: figures/Likelihood.png  used on input line 944.
(pdftex.def)             Requested size: 170.71475pt x 142.25824pt.

Overfull \hbox (17.06982pt too wide) in paragraph at lines 944--944
 [] 
 []

<figures/kt-1/Likelihood-kt-1.png, id=2811, 1200.485pt x 875.27pt>
File: figures/kt-1/Likelihood-kt-1.png Graphic file (type png)
<use figures/kt-1/Likelihood-kt-1.png>
Package pdftex.def Info: figures/kt-1/Likelihood-kt-1.png  used on input line 9
44.
(pdftex.def)             Requested size: 170.70453pt x 142.26308pt.

Overfull \hbox (17.0596pt too wide) in paragraph at lines 944--944
 [] 
 []

File: unison-logo.png Graphic file (type png)
<use unison-logo.png>
Package pdftex.def Info: unison-logo.png  used on input line 944.
(pdftex.def)             Requested size: 32.12187pt x 32.12187pt.
[39

 <./figures/Likelihood.png> <./figures/kt-1/Likelihood-kt-1.png>]
File: figures/simple.png Graphic file (type png)
<use figures/simple.png>
Package pdftex.def Info: figures/simple.png  used on input line 960.
(pdftex.def)             Requested size: 156.48022pt x 85.35284pt.
<figures/150fb/simple-150.png, id=2869, 903.375pt x 903.375pt>
File: figures/150fb/simple-150.png Graphic file (type png)
<use figures/150fb/simple-150.png>
Package pdftex.def Info: figures/150fb/simple-150.png  used on input line 960.
(pdftex.def)             Requested size: 156.48022pt x 85.35284pt.
<figures/300fb/simple-300.png, id=2870, 903.375pt x 903.375pt>
File: figures/300fb/simple-300.png Graphic file (type png)
<use figures/300fb/simple-300.png>
Package pdftex.def Info: figures/300fb/simple-300.png  used on input line 960.
(pdftex.def)             Requested size: 156.48022pt x 85.35284pt.
<figures/3000fb/simple-3000.png, id=2871, 903.375pt x 903.375pt>
File: figures/3000fb/simple-3000.png Graphic file (type png)
<use figures/3000fb/simple-3000.png>
Package pdftex.def Info: figures/3000fb/simple-3000.png  used on input line 960
.
(pdftex.def)             Requested size: 156.48022pt x 85.35284pt.

Overfull \hbox (29.67061pt too wide) in paragraph at lines 960--960
 [] 
 []


Overfull \vbox (1.58946pt too high) detected at line 960
 []

[40

 <./figures/150fb/simple-150.png> <./figures/300fb/simple-300.png> <./figures/3
000fb/simple-3000.png>]
File: figures/Likelihood.png Graphic file (type png)
<use figures/Likelihood.png>
Package pdftex.def Info: figures/Likelihood.png  used on input line 976.
(pdftex.def)             Requested size: 156.47629pt x 85.35762pt.
<figures/150fb/Likelihood.png, id=2930, 1202.4925pt x 879.285pt>
File: figures/150fb/Likelihood.png Graphic file (type png)
<use figures/150fb/Likelihood.png>
Package pdftex.def Info: figures/150fb/Likelihood.png  used on input line 976.
(pdftex.def)             Requested size: 156.47629pt x 85.35762pt.
<figures/300fb/Likelihood.png, id=2931, 1202.4925pt x 879.285pt>
File: figures/300fb/Likelihood.png Graphic file (type png)
<use figures/300fb/Likelihood.png>
Package pdftex.def Info: figures/300fb/Likelihood.png  used on input line 976.
(pdftex.def)             Requested size: 156.47629pt x 85.35762pt.
<figures/3000fb/Likelihood.png, id=2932, 1202.4925pt x 879.285pt>
File: figures/3000fb/Likelihood.png Graphic file (type png)
<use figures/3000fb/Likelihood.png>
Package pdftex.def Info: figures/3000fb/Likelihood.png  used on input line 976.

(pdftex.def)             Requested size: 156.47629pt x 85.35762pt.

Overfull \hbox (29.66273pt too wide) in paragraph at lines 976--976
 [] 
 []


Overfull \vbox (1.59901pt too high) detected at line 976
 []

[41

 <./figures/150fb/Likelihood.png> <./figures/300fb/Likelihood.png> <./figures/3
000fb/Likelihood.png>]
File: figures/simple-kt-1.png Graphic file (type png)
<use figures/simple-kt-1.png>
Package pdftex.def Info: figures/simple-kt-1.png  used on input line 993.
(pdftex.def)             Requested size: 156.48022pt x 85.35284pt.
<figures/kt-1/150fb/simple-150-kt-1.png, id=2990, 903.375pt x 903.375pt>
File: figures/kt-1/150fb/simple-150-kt-1.png Graphic file (type png)
<use figures/kt-1/150fb/simple-150-kt-1.png>
Package pdftex.def Info: figures/kt-1/150fb/simple-150-kt-1.png  used on input 
line 993.
(pdftex.def)             Requested size: 156.48022pt x 85.35284pt.
<figures/kt-1/300fb/simple-300-kt-1.png, id=2991, 903.375pt x 903.375pt>
File: figures/kt-1/300fb/simple-300-kt-1.png Graphic file (type png)
<use figures/kt-1/300fb/simple-300-kt-1.png>
Package pdftex.def Info: figures/kt-1/300fb/simple-300-kt-1.png  used on input 
line 993.
(pdftex.def)             Requested size: 156.48022pt x 85.35284pt.
<figures/kt-1/3000fb/simple-3000-kt-1.png, id=2992, 903.375pt x 903.375pt>
File: figures/kt-1/3000fb/simple-3000-kt-1.png Graphic file (type png)
<use figures/kt-1/3000fb/simple-3000-kt-1.png>
Package pdftex.def Info: figures/kt-1/3000fb/simple-3000-kt-1.png  used on inpu
t line 993.
(pdftex.def)             Requested size: 156.48022pt x 85.35284pt.

Overfull \hbox (29.67061pt too wide) in paragraph at lines 993--993
 [] 
 []


Overfull \vbox (1.58946pt too high) detected at line 993
 []

[42

 <./figures/kt-1/150fb/simple-150-kt-1.png> <./figures/kt-1/300fb/simple-300-kt
-1.png> <./figures/kt-1/3000fb/simple-3000-kt-1.png>]
<figures/kt-1/35.9fb/Likelihood-kt-1.png, id=3051, 1200.485pt x 875.27pt>
File: figures/kt-1/35.9fb/Likelihood-kt-1.png Graphic file (type png)
<use figures/kt-1/35.9fb/Likelihood-kt-1.png>
Package pdftex.def Info: figures/kt-1/35.9fb/Likelihood-kt-1.png  used on input
 line 1010.
(pdftex.def)             Requested size: 156.48984pt x 85.35516pt.
<figures/kt-1/150fb/Likelihood.png, id=3052, 1202.4925pt x 879.285pt>
File: figures/kt-1/150fb/Likelihood.png Graphic file (type png)
<use figures/kt-1/150fb/Likelihood.png>
Package pdftex.def Info: figures/kt-1/150fb/Likelihood.png  used on input line 
1010.
(pdftex.def)             Requested size: 156.47629pt x 85.35762pt.
<figures/kt-1/300fb/Likelihood.png, id=3053, 1202.4925pt x 879.285pt>
File: figures/kt-1/300fb/Likelihood.png Graphic file (type png)
<use figures/kt-1/300fb/Likelihood.png>
Package pdftex.def Info: figures/kt-1/300fb/Likelihood.png  used on input line 
1010.
(pdftex.def)             Requested size: 156.47629pt x 85.35762pt.
<figures/kt-1/3000fb/Likelihood.png, id=3054, 1202.4925pt x 879.285pt>
File: figures/kt-1/3000fb/Likelihood.png Graphic file (type png)
<use figures/kt-1/3000fb/Likelihood.png>
Package pdftex.def Info: figures/kt-1/3000fb/Likelihood.png  used on input line
 1010.
(pdftex.def)             Requested size: 156.47629pt x 85.35762pt.

Overfull \hbox (29.67628pt too wide) in paragraph at lines 1010--1010
 [] 
 []


Overfull \vbox (1.59901pt too high) detected at line 1010
 []

[43

 <./figures/kt-1/35.9fb/Likelihood-kt-1.png> <./figures/kt-1/150fb/Likelihood.p
ng> <./figures/kt-1/300fb/Likelihood.png> <./figures/kt-1/3000fb/Likelihood.png
>]
File: unison-logo.png Graphic file (type png)
<use unison-logo.png>
Package pdftex.def Info: unison-logo.png  used on input line 1037.
(pdftex.def)             Requested size: 32.12187pt x 32.12187pt.
 [44

]
File: unison-logo.png Graphic file (type png)
<use unison-logo.png>
Package pdftex.def Info: unison-logo.png  used on input line 1060.
(pdftex.def)             Requested size: 32.12187pt x 32.12187pt.
 [45

]
LaTeX Font Info:    Try loading font information for T1+lmtt on input line 1084
.
 (/usr/share/texmf-dist/tex/latex/lm/t1lmtt.fd
File: t1lmtt.fd 2009/10/30 v1.6 Font defs for Latin Modern
)
File: unison-logo.png Graphic file (type png)
<use unison-logo.png>
Package pdftex.def Info: unison-logo.png  used on input line 1084.
(pdftex.def)             Requested size: 32.12187pt x 32.12187pt.
 [46

 </usr/share/texmf-dist/tex/latex/beamer/beamericonarticle.pdf>]
\tf@nav=\write6
\openout6 = `presentacion-tesis.nav'.

\tf@toc=\write7
\openout7 = `presentacion-tesis.toc'.

\tf@snm=\write8
\openout8 = `presentacion-tesis.snm'.

Package atveryend Info: Empty hook `BeforeClearDocument' on input line 1164.
Package atveryend Info: Empty hook `AfterLastShipout' on input line 1164.
 (./presentacion-tesis.aux)
Package atveryend Info: Executing hook `AtVeryEndDocument' on input line 1164.
Package atveryend Info: Executing hook `AtEndAfterFileList' on input line 1164.

Package rerunfilecheck Info: File `presentacion-tesis.out' has not changed.
(rerunfilecheck)             Checksum: 0A94FB703D857B37E02E267B1EFD703B;1109.
 ) 
Here is how much of TeX's memory you used:
 36334 strings out of 492623
 846425 string characters out of 6135669
 1714985 words of memory out of 5000000
 39402 multiletter control sequences out of 15000+600000
 108649 words of font info for 96 fonts, out of 8000000 for 9000
 1141 hyphenation exceptions out of 8191
 64i,20n,98p,812b,5622s stack positions out of 5000i,500n,10000p,200000b,80000s
{/usr/share/texmf-dist/fonts/enc/dvips/lm/lm-ec.enc}{/usr/share/texmf-dist/fo
nts/enc/dvips/lm/lm-rm.enc}{/usr/share/texmf-dist/fonts/enc/dvips/lm/lm-mathit.
enc}{/usr/share/texmf-dist/fonts/enc/dvips/lm/lm-mathsy.enc}{/usr/share/texmf-d
ist/fonts/enc/dvips/lm/lm-mathex.enc}</usr/share/texmf-dist/fonts/type1/public/
lm/lmex10.pfb></usr/share/texmf-dist/fonts/type1/public/lm/lmmi10.pfb></usr/sha
re/texmf-dist/fonts/type1/public/lm/lmmi12.pfb></usr/share/texmf-dist/fonts/typ
e1/public/lm/lmmi5.pfb></usr/share/texmf-dist/fonts/type1/public/lm/lmmi6.pfb><
/usr/share/texmf-dist/fonts/type1/public/lm/lmmi7.pfb></usr/share/texmf-dist/fo
nts/type1/public/lm/lmmi8.pfb></usr/share/texmf-dist/fonts/type1/public/lm/lmss
10.pfb></usr/share/texmf-dist/fonts/type1/public/lm/lmss12.pfb></usr/share/texm
f-dist/fonts/type1/public/lm/lmss8.pfb></usr/share/texmf-dist/fonts/type1/publi
c/lm/lmss9.pfb></usr/share/texmf-dist/fonts/type1/public/lm/lmsso10.pfb></usr/s
hare/texmf-dist/fonts/type1/public/lm/lmsso12.pfb></usr/share/texmf-dist/fonts/
type1/public/lm/lmsso8.pfb></usr/share/texmf-dist/fonts/type1/public/lm/lmsso9.
pfb></usr/share/texmf-dist/fonts/type1/public/lm/lmsy10.pfb></usr/share/texmf-d
ist/fonts/type1/public/lm/lmsy5.pfb></usr/share/texmf-dist/fonts/type1/public/l
m/lmsy6.pfb></usr/share/texmf-dist/fonts/type1/public/lm/lmsy7.pfb></usr/share/
texmf-dist/fonts/type1/public/lm/lmsy8.pfb></usr/share/texmf-dist/fonts/type1/p
ublic/lm/lmtt8.pfb>
Output written on presentacion-tesis.pdf (46 pages, 4617683 bytes).
PDF statistics:
 3409 PDF objects out of 3580 (max. 8388607)
 3010 compressed objects within 31 object streams
 125 named destinations out of 1000 (max. 500000)
 440 words of extra memory for PDF output out of 10000 (max. 10000000)

